2025-10-14 22:12:29 - INFO - Logging configured: level=INFO, file=team_formation.log
2025-10-14 22:12:29 - INFO - ======================================================================
2025-10-14 22:12:29 - INFO - Team Formation System
2025-10-14 22:12:29 - INFO - ======================================================================
2025-10-14 22:12:29 - INFO - Input file: cse403-preferences.csv
2025-10-14 22:12:29 - INFO - Output file: out.csv
2025-10-14 22:12:29 - INFO - Verbose mode: False
2025-10-14 22:12:29 - INFO - Generate report: True
2025-10-14 22:12:29 - INFO - ======================================================================

2025-10-14 22:12:29 - INFO - Reading preferences from: cse403-preferences.csv
2025-10-14 22:12:29 - WARNING - 
⚠️  Unmatched Subteams/Individuals:
2025-10-14 22:12:29 - WARNING -   Total unmatched: 21
2025-10-14 22:12:29 - WARNING -   Unmatched people (21): nushas, shaank22, kiann2, harrycn, tomaszmi, abigam8, ahanaroy, erathi, dpetkau, zliu44
2025-10-14 22:12:29 - WARNING -     ... and 11 more
2025-10-14 22:12:29 - INFO - 
--- Data Quality Issues Summary ---
2025-10-14 22:12:29 - WARNING - Found 21 issue(s):

2025-10-14 22:12:29 - WARNING - Unknown Netids In Subteams: 6
2025-10-14 22:12:29 - WARNING -   - lizhao: team member 'mayaoden' not found in student list
2025-10-14 22:12:29 - WARNING -   - junhez: team member 'mayaoden' not found in student list
2025-10-14 22:12:29 - WARNING -   - shelb2: team member 'mayaoden' not found in student list
2025-10-14 22:12:29 - WARNING -   ... and 3 more
2025-10-14 22:12:29 - WARNING - 
2025-10-14 22:12:29 - WARNING - Fuzzy Matched Netids: 12
2025-10-14 22:12:29 - WARNING -   - shaank22: 'pfg1995' fuzzy matched to 'Pfg1995' (score: 1.00)
2025-10-14 22:12:29 - WARNING -   - smoshe: 'pfg1995' fuzzy matched to 'Pfg1995' (score: 1.00)
2025-10-14 22:12:29 - WARNING -   - aryan08: 'pfg1995' fuzzy matched to 'Pfg1995' (score: 1.00)
2025-10-14 22:12:29 - WARNING -   ... and 9 more
2025-10-14 22:12:29 - WARNING - 
2025-10-14 22:12:29 - WARNING - Case Normalization: 3
2025-10-14 22:12:29 - WARNING -   - dchiem: team member 'Adgarg12' normalized to 'adgarg12'
2025-10-14 22:12:29 - WARNING -   - gcarls4: team member 'Jhuynh18' normalized to 'jhuynh18'
2025-10-14 22:12:29 - WARNING -   - imlimasi: team member 'Adgarg12' normalized to 'adgarg12'
2025-10-14 22:12:29 - WARNING - 
2025-10-14 22:12:29 - INFO - 
======================================================================
2025-10-14 22:12:29 - INFO - TEAM FORMATION COMPLETED SUCCESSFULLY
2025-10-14 22:12:29 - INFO - ======================================================================
2025-10-14 22:12:29 - INFO - 
Summary:
2025-10-14 22:12:29 - INFO -   ✓ Output CSV: out.csv
2025-10-14 22:12:29 - INFO -   ✓ CSV validation: PASSED
2025-10-14 22:12:29 - INFO -   ✓ Report: report.txt
2025-10-14 22:12:29 - INFO -   ✓ Log file: team_formation.log
2025-10-14 22:12:29 - INFO -   ✓ Teams formed: 12
2025-10-14 22:12:29 - INFO -   ✓ Students placed: 66/87
2025-10-14 22:12:29 - WARNING -   ⚠ Students unmatched: 21
2025-10-14 22:12:29 - WARNING -      (See report.txt for details)
2025-10-14 22:12:29 - INFO - 
======================================================================
